This file contains any messages produced by compilers while
running configure, to aid debugging if configure makes a mistake.

It was created by wenger-lab-curl configure 0.1, which was
generated by GNU Autoconf 2.72.  Invocation command line was

  $ ./configure --prefix=/usr

## --------- ##
## Platform. ##
## --------- ##

hostname = GS-HZ-OH-S558
uname -m = x86_64
uname -r = 6.8.2-arch2-1
uname -s = Linux
uname -v = #1 SMP PREEMPT_DYNAMIC Thu, 28 Mar 2024 17:06:35 +0000

/usr/bin/uname -p = unknown
/bin/uname -X     = unknown

/bin/arch              = unknown
/usr/bin/arch -k       = unknown
/usr/convex/getsysinfo = unknown
/usr/bin/hostinfo      = unknown
/bin/machine           = unknown
/usr/bin/oslevel       = unknown
/bin/universe          = unknown

PATH: /usr/local/sbin/
PATH: /usr/local/bin/
PATH: /usr/bin/
PATH: /usr/lib/jvm/default/bin/
PATH: /usr/bin/site_perl/
PATH: /usr/bin/vendor_perl/
PATH: /usr/bin/core_perl/


## ----------- ##
## Core tests. ##
## ----------- ##

configure:2261: looking for aux files: compile missing install-sh
configure:2274:  trying ./
configure:2303:   ./compile found
configure:2303:   ./missing found
configure:2285:   ./install-sh found
configure:2433: checking for a BSD-compatible install
configure:2507: result: /usr/bin/install -c
configure:2518: checking whether build environment is sane
configure:2573: result: yes
configure:2734: checking for a race-free mkdir -p
configure:2777: result: /usr/bin/mkdir -p
configure:2784: checking for gawk
configure:2805: found /usr/bin/gawk
configure:2817: result: gawk
configure:2828: checking whether make sets $(MAKE)
configure:2852: result: yes
configure:2882: checking whether make supports nested variables
configure:2901: result: yes
configure:3106: checking for gcc
configure:3127: found /usr/bin/gcc
configure:3139: result: gcc
configure:3498: checking for C compiler version
configure:3507: gcc --version >&5
gcc (GCC) 13.2.1 20230801
Copyright (C) 2023 Free Software Foundation, Inc.
This is free software; see the source for copying conditions.  There is NO
warranty; not even for MERCHANTABILITY or FITNESS FOR A PARTICULAR PURPOSE.

configure:3518: $? = 0
configure:3507: gcc -v >&5
Using built-in specs.
COLLECT_GCC=gcc
COLLECT_LTO_WRAPPER=/usr/lib/gcc/x86_64-pc-linux-gnu/13.2.1/lto-wrapper
Target: x86_64-pc-linux-gnu
Configured with: /build/gcc/src/gcc/configure --enable-languages=ada,c,c++,d,fortran,go,lto,m2,objc,obj-c++ --enable-bootstrap --prefix=/usr --libdir=/usr/lib --libexecdir=/usr/lib --mandir=/usr/share/man --infodir=/usr/share/info --with-bugurl=https://bugs.archlinux.org/ --with-build-config=bootstrap-lto --with-linker-hash-style=gnu --with-system-zlib --enable-__cxa_atexit --enable-cet=auto --enable-checking=release --enable-clocale=gnu --enable-default-pie --enable-default-ssp --enable-gnu-indirect-function --enable-gnu-unique-object --enable-libstdcxx-backtrace --enable-link-serialization=1 --enable-linker-build-id --enable-lto --enable-multilib --enable-plugin --enable-shared --enable-threads=posix --disable-libssp --disable-libstdcxx-pch --disable-werror
Thread model: posix
Supported LTO compression algorithms: zlib zstd
gcc version 13.2.1 20230801 (GCC) 
configure:3518: $? = 0
configure:3507: gcc -V >&5
gcc: error: unrecognized command-line option '-V'
gcc: fatal error: no input files
compilation terminated.
configure:3518: $? = 1
configure:3507: gcc -qversion >&5
gcc: error: unrecognized command-line option '-qversion'; did you mean '--version'?
gcc: fatal error: no input files
compilation terminated.
configure:3518: $? = 1
configure:3507: gcc -version >&5
gcc: error: unrecognized command-line option '-version'
gcc: fatal error: no input files
compilation terminated.
configure:3518: $? = 1
configure:3538: checking whether the C compiler works
configure:3560: gcc    conftest.c  >&5
configure:3564: $? = 0
configure:3615: result: yes
configure:3619: checking for C compiler default output file name
configure:3621: result: a.out
configure:3627: checking for suffix of executables
configure:3634: gcc -o conftest    conftest.c  >&5
configure:3638: $? = 0
configure:3662: result: 
configure:3686: checking whether we are cross compiling
configure:3694: gcc -o conftest    conftest.c  >&5
configure:3698: $? = 0
configure:3705: ./conftest
configure:3709: $? = 0
configure:3724: result: no
configure:3730: checking for suffix of object files
configure:3753: gcc -c   conftest.c >&5
configure:3757: $? = 0
configure:3781: result: o
configure:3785: checking whether the compiler supports GNU C
configure:3805: gcc -c   conftest.c >&5
configure:3805: $? = 0
configure:3817: result: yes
configure:3828: checking whether gcc accepts -g
configure:3849: gcc -c -g  conftest.c >&5
configure:3849: $? = 0
configure:3896: result: yes
configure:3916: checking for gcc option to enable C11 features
configure:3931: gcc  -c -g -O2  conftest.c >&5
configure:3931: $? = 0
configure:3950: result: none needed
configure:4074: checking whether gcc understands -c and -o together
configure:4097: gcc -c conftest.c -o conftest2.o
configure:4100: $? = 0
configure:4097: gcc -c conftest.c -o conftest2.o
configure:4100: $? = 0
configure:4113: result: yes
configure:4133: checking whether make supports the include directive
configure:4148: make -f confmf.GNU && cat confinc.out
this is the am__doit target
configure:4151: $? = 0
configure:4170: result: yes (GNU style)
configure:4196: checking dependency style of gcc
configure:4309: result: gcc3
configure:4386: checking for pkg-config
configure:4409: found /usr/bin/pkg-config
configure:4422: result: /usr/bin/pkg-config
configure:4447: checking pkg-config is at least version 0.9.0
configure:4450: result: yes
configure:4460: checking for libcurl
configure:4467: $PKG_CONFIG --exists --print-errors "libcurl"
configure:4470: $? = 0
configure:4484: $PKG_CONFIG --exists --print-errors "libcurl"
configure:4487: $? = 0
configure:4545: result: yes
configure:4558: checking for stdio.h
configure:4558: gcc -c -g -O2  conftest.c >&5
configure:4558: $? = 0
configure:4558: result: yes
configure:4558: checking for stdlib.h
configure:4558: gcc -c -g -O2  conftest.c >&5
configure:4558: $? = 0
configure:4558: result: yes
configure:4558: checking for string.h
configure:4558: gcc -c -g -O2  conftest.c >&5
configure:4558: $? = 0
configure:4558: result: yes
configure:4558: checking for inttypes.h
configure:4558: gcc -c -g -O2  conftest.c >&5
configure:4558: $? = 0
configure:4558: result: yes
configure:4558: checking for stdint.h
configure:4558: gcc -c -g -O2  conftest.c >&5
configure:4558: $? = 0
configure:4558: result: yes
configure:4558: checking for strings.h
configure:4558: gcc -c -g -O2  conftest.c >&5
configure:4558: $? = 0
configure:4558: result: yes
configure:4558: checking for sys/stat.h
configure:4558: gcc -c -g -O2  conftest.c >&5
configure:4558: $? = 0
configure:4558: result: yes
configure:4558: checking for sys/types.h
configure:4558: gcc -c -g -O2  conftest.c >&5
configure:4558: $? = 0
configure:4558: result: yes
configure:4558: checking for unistd.h
configure:4558: gcc -c -g -O2  conftest.c >&5
configure:4558: $? = 0
configure:4558: result: yes
configure:4583: checking for _Bool
configure:4583: gcc -c -g -O2  conftest.c >&5
configure:4583: $? = 0
configure:4583: gcc -c -g -O2  conftest.c >&5
conftest.c: In function 'main':
conftest.c:52:20: error: expected expression before ')' token
   52 | if (sizeof ((_Bool)))
      |                    ^
configure:4583: $? = 1
configure: failed program was:
| /* confdefs.h */
| #define PACKAGE_NAME "wenger-lab-curl"
| #define PACKAGE_TARNAME "wenger-lab-curl"
| #define PACKAGE_VERSION "0.1"
| #define PACKAGE_STRING "wenger-lab-curl 0.1"
| #define PACKAGE_BUGREPORT "https://github.com/wengerbinning/labs.git"
| #define PACKAGE_URL ""
| #define PACKAGE "wenger-lab-curl"
| #define VERSION "0.1"
| #define HAVE_STDIO_H 1
| #define HAVE_STDLIB_H 1
| #define HAVE_STRING_H 1
| #define HAVE_INTTYPES_H 1
| #define HAVE_STDINT_H 1
| #define HAVE_STRINGS_H 1
| #define HAVE_SYS_STAT_H 1
| #define HAVE_SYS_TYPES_H 1
| #define HAVE_UNISTD_H 1
| #define STDC_HEADERS 1
| /* end confdefs.h.  */
| #include <stddef.h>
| #ifdef HAVE_STDIO_H
| # include <stdio.h>
| #endif
| #ifdef HAVE_STDLIB_H
| # include <stdlib.h>
| #endif
| #ifdef HAVE_STRING_H
| # include <string.h>
| #endif
| #ifdef HAVE_INTTYPES_H
| # include <inttypes.h>
| #endif
| #ifdef HAVE_STDINT_H
| # include <stdint.h>
| #endif
| #ifdef HAVE_STRINGS_H
| # include <strings.h>
| #endif
| #ifdef HAVE_SYS_TYPES_H
| # include <sys/types.h>
| #endif
| #ifdef HAVE_SYS_STAT_H
| # include <sys/stat.h>
| #endif
| #ifdef HAVE_UNISTD_H
| # include <unistd.h>
| #endif
| int
| main (void)
| {
| if (sizeof ((_Bool)))
| 	    return 0;
|   ;
|   return 0;
| }
configure:4583: result: yes
configure:4592: checking for stdbool.h that conforms to C99 or later
configure:4667: gcc -c -g -O2  conftest.c >&5
configure:4667: $? = 0
configure:4677: result: yes
configure:4680: checking for size_t
configure:4680: gcc -c -g -O2  conftest.c >&5
configure:4680: $? = 0
configure:4680: gcc -c -g -O2  conftest.c >&5
conftest.c: In function 'main':
conftest.c:53:21: error: expected expression before ')' token
   53 | if (sizeof ((size_t)))
      |                     ^
configure:4680: $? = 1
configure: failed program was:
| /* confdefs.h */
| #define PACKAGE_NAME "wenger-lab-curl"
| #define PACKAGE_TARNAME "wenger-lab-curl"
| #define PACKAGE_VERSION "0.1"
| #define PACKAGE_STRING "wenger-lab-curl 0.1"
| #define PACKAGE_BUGREPORT "https://github.com/wengerbinning/labs.git"
| #define PACKAGE_URL ""
| #define PACKAGE "wenger-lab-curl"
| #define VERSION "0.1"
| #define HAVE_STDIO_H 1
| #define HAVE_STDLIB_H 1
| #define HAVE_STRING_H 1
| #define HAVE_INTTYPES_H 1
| #define HAVE_STDINT_H 1
| #define HAVE_STRINGS_H 1
| #define HAVE_SYS_STAT_H 1
| #define HAVE_SYS_TYPES_H 1
| #define HAVE_UNISTD_H 1
| #define STDC_HEADERS 1
| #define HAVE__BOOL 1
| /* end confdefs.h.  */
| #include <stddef.h>
| #ifdef HAVE_STDIO_H
| # include <stdio.h>
| #endif
| #ifdef HAVE_STDLIB_H
| # include <stdlib.h>
| #endif
| #ifdef HAVE_STRING_H
| # include <string.h>
| #endif
| #ifdef HAVE_INTTYPES_H
| # include <inttypes.h>
| #endif
| #ifdef HAVE_STDINT_H
| # include <stdint.h>
| #endif
| #ifdef HAVE_STRINGS_H
| # include <strings.h>
| #endif
| #ifdef HAVE_SYS_TYPES_H
| # include <sys/types.h>
| #endif
| #ifdef HAVE_SYS_STAT_H
| # include <sys/stat.h>
| #endif
| #ifdef HAVE_UNISTD_H
| # include <unistd.h>
| #endif
| int
| main (void)
| {
| if (sizeof ((size_t)))
| 	    return 0;
|   ;
|   return 0;
| }
configure:4680: result: yes
configure:4797: checking that generated files are newer than configure
configure:4803: result: done
configure:4826: creating ./config.status

## ---------------------- ##
## Running config.status. ##
## ---------------------- ##

This file was extended by wenger-lab-curl config.status 0.1, which was
generated by GNU Autoconf 2.72.  Invocation command line was

  CONFIG_FILES    = 
  CONFIG_HEADERS  = 
  CONFIG_LINKS    = 
  CONFIG_COMMANDS = 
  $ ./config.status 

on GS-HZ-OH-S558

config.status:855: creating Makefile
config.status:855: creating config.h
config.status:1084: executing depfiles commands
config.status:1161: cd .       && sed -e '/# am--include-marker/d' Makefile         | make -f - am--depfiles
config.status:1166: $? = 0

## ---------------- ##
## Cache variables. ##
## ---------------- ##

ac_cv_c_compiler_gnu=yes
ac_cv_env_CC_set=
ac_cv_env_CC_value=
ac_cv_env_CFLAGS_set=
ac_cv_env_CFLAGS_value=
ac_cv_env_CPPFLAGS_set=
ac_cv_env_CPPFLAGS_value=
ac_cv_env_CURL_CFLAGS_set=
ac_cv_env_CURL_CFLAGS_value=
ac_cv_env_CURL_LIBS_set=
ac_cv_env_CURL_LIBS_value=
ac_cv_env_LDFLAGS_set=
ac_cv_env_LDFLAGS_value=
ac_cv_env_LIBS_set=
ac_cv_env_LIBS_value=
ac_cv_env_PKG_CONFIG_LIBDIR_set=
ac_cv_env_PKG_CONFIG_LIBDIR_value=
ac_cv_env_PKG_CONFIG_PATH_set=
ac_cv_env_PKG_CONFIG_PATH_value=
ac_cv_env_PKG_CONFIG_set=
ac_cv_env_PKG_CONFIG_value=
ac_cv_env_build_alias_set=
ac_cv_env_build_alias_value=
ac_cv_env_host_alias_set=
ac_cv_env_host_alias_value=
ac_cv_env_target_alias_set=
ac_cv_env_target_alias_value=
ac_cv_header_inttypes_h=yes
ac_cv_header_stdbool_h=yes
ac_cv_header_stdint_h=yes
ac_cv_header_stdio_h=yes
ac_cv_header_stdlib_h=yes
ac_cv_header_string_h=yes
ac_cv_header_strings_h=yes
ac_cv_header_sys_stat_h=yes
ac_cv_header_sys_types_h=yes
ac_cv_header_unistd_h=yes
ac_cv_objext=o
ac_cv_path_ac_pt_PKG_CONFIG=/usr/bin/pkg-config
ac_cv_path_install='/usr/bin/install -c'
ac_cv_path_mkdir=/usr/bin/mkdir
ac_cv_prog_AWK=gawk
ac_cv_prog_ac_ct_CC=gcc
ac_cv_prog_cc_c11=
ac_cv_prog_cc_g=yes
ac_cv_prog_cc_stdc=
ac_cv_prog_make_make_set=yes
ac_cv_type__Bool=yes
ac_cv_type_size_t=yes
am_cv_CC_dependencies_compiler_type=gcc3
am_cv_make_support_nested_variables=yes
am_cv_prog_cc_c_o=yes
pkg_cv_CURL_CFLAGS=
pkg_cv_CURL_LIBS=-lcurl

## ----------------- ##
## Output variables. ##
## ----------------- ##

ACLOCAL='${SHELL} '\''/mnt/work/wengerbinning/labs/c/curl/missing'\'' aclocal-1.16'
AMDEPBACKSLASH='\'
AMDEP_FALSE='#'
AMDEP_TRUE=''
AMTAR='$${TAR-tar}'
AM_BACKSLASH='\'
AM_DEFAULT_V='$(AM_DEFAULT_VERBOSITY)'
AM_DEFAULT_VERBOSITY='1'
AM_V='$(V)'
AUTOCONF='${SHELL} '\''/mnt/work/wengerbinning/labs/c/curl/missing'\'' autoconf'
AUTOHEADER='${SHELL} '\''/mnt/work/wengerbinning/labs/c/curl/missing'\'' autoheader'
AUTOMAKE='${SHELL} '\''/mnt/work/wengerbinning/labs/c/curl/missing'\'' automake-1.16'
AWK='gawk'
CC='gcc'
CCDEPMODE='depmode=gcc3'
CFLAGS='-g -O2'
CPPFLAGS=''
CSCOPE='cscope'
CTAGS='ctags'
CURL_CFLAGS=''
CURL_LIBS='-lcurl'
CYGPATH_W='echo'
DEFS='-DHAVE_CONFIG_H'
DEPDIR='.deps'
ECHO_C=''
ECHO_N='-n'
ECHO_T=''
ETAGS='etags'
EXEEXT=''
INSTALL_DATA='${INSTALL} -m 644'
INSTALL_PROGRAM='${INSTALL}'
INSTALL_SCRIPT='${INSTALL}'
INSTALL_STRIP_PROGRAM='$(install_sh) -c -s'
LDFLAGS=''
LIBOBJS=''
LIBS=''
LTLIBOBJS=''
MAKEINFO='${SHELL} '\''/mnt/work/wengerbinning/labs/c/curl/missing'\'' makeinfo'
MKDIR_P='/usr/bin/mkdir -p'
OBJEXT='o'
PACKAGE='wenger-lab-curl'
PACKAGE_BUGREPORT='https://github.com/wengerbinning/labs.git'
PACKAGE_NAME='wenger-lab-curl'
PACKAGE_STRING='wenger-lab-curl 0.1'
PACKAGE_TARNAME='wenger-lab-curl'
PACKAGE_URL=''
PACKAGE_VERSION='0.1'
PATH_SEPARATOR=':'
PKG_CONFIG='/usr/bin/pkg-config'
PKG_CONFIG_LIBDIR=''
PKG_CONFIG_PATH=''
SET_MAKE=''
SHELL='/bin/sh'
STRIP=''
VERSION='0.1'
ac_ct_CC='gcc'
am__EXEEXT_FALSE=''
am__EXEEXT_TRUE='#'
am__fastdepCC_FALSE='#'
am__fastdepCC_TRUE=''
am__include='include'
am__isrc=''
am__leading_dot='.'
am__nodep='_no'
am__quote=''
am__tar='$${TAR-tar} chof - "$$tardir"'
am__untar='$${TAR-tar} xf -'
bindir='${exec_prefix}/bin'
build_alias=''
datadir='${datarootdir}'
datarootdir='${prefix}/share'
docdir='${datarootdir}/doc/${PACKAGE_TARNAME}'
dvidir='${docdir}'
exec_prefix='${prefix}'
host_alias=''
htmldir='${docdir}'
includedir='${prefix}/include'
infodir='${datarootdir}/info'
install_sh='${SHELL} /mnt/work/wengerbinning/labs/c/curl/install-sh'
libdir='${exec_prefix}/lib'
libexecdir='${exec_prefix}/libexec'
localedir='${datarootdir}/locale'
localstatedir='${prefix}/var'
mandir='${datarootdir}/man'
mkdir_p='$(MKDIR_P)'
oldincludedir='/usr/include'
pdfdir='${docdir}'
prefix='/usr'
program_transform_name='s,x,x,'
psdir='${docdir}'
runstatedir='${localstatedir}/run'
sbindir='${exec_prefix}/sbin'
sharedstatedir='${prefix}/com'
sysconfdir='${prefix}/etc'
target_alias=''

## ----------- ##
## confdefs.h. ##
## ----------- ##

/* confdefs.h */
#define PACKAGE_NAME "wenger-lab-curl"
#define PACKAGE_TARNAME "wenger-lab-curl"
#define PACKAGE_VERSION "0.1"
#define PACKAGE_STRING "wenger-lab-curl 0.1"
#define PACKAGE_BUGREPORT "https://github.com/wengerbinning/labs.git"
#define PACKAGE_URL ""
#define PACKAGE "wenger-lab-curl"
#define VERSION "0.1"
#define HAVE_STDIO_H 1
#define HAVE_STDLIB_H 1
#define HAVE_STRING_H 1
#define HAVE_INTTYPES_H 1
#define HAVE_STDINT_H 1
#define HAVE_STRINGS_H 1
#define HAVE_SYS_STAT_H 1
#define HAVE_SYS_TYPES_H 1
#define HAVE_UNISTD_H 1
#define STDC_HEADERS 1
#define HAVE__BOOL 1

configure: exit 0
