

[20230-07-31]
--------------------------------------------------------------------------------
# Question
==========
wenger@latex:/opt/latex/labs/latex$ pdfetex helloworld.tex
This is pdfTeX, Version 3.141592653-2.6-1.40.22 (TeX Live 2022/dev/Debian) (preloaded format=pdfetex)
 restricted \write18 enabled.
entering extended mode
(./helloworld.tex
! Undefined control sequence.
l.1 \documentclass
                  {ctexart}
?
! Undefined control sequence.
l.4 \begin
          {document}
?
! Undefined control sequence.
l.6 Hello, \LaTex
                  !
?
[1{/var/lib/texmf/fonts/map/pdftex/updmap/pdftex.map}] )</usr/share/texlive/tex
mf-dist/fonts/type1/public/amsfonts/cm/cmr10.pfb>
Output written on helloworld.pdf (1 page, 13438 bytes).
Transcript written on helloworld.log.

# Solution
==========
wenger@latex:/opt/latex/labs/latex$ sudo apt install texlive-latex-base
wenger@latex:/opt/latex/labs/latex$ pdflatex helloworld.tex



